<?xml version="1.0" encoding="UTF-8"?>
<!-- Generated by org.testng.reporters.JUnitXMLReporter -->
<testsuite ignored="0" hostname="DESKTOP-S9RJKM1" failures="0" tests="3" name="Verify Title Tests" time="11.979" errors="0" timestamp="2025-04-20T23:01:05 PDT">
  <testcase classname="com.artoftesting.tests.A_VerifyTitleTest" name="verifytitle" time="0.04"/>
  <testcase classname="com.artoftesting.tests.B_TextBoxVarifyTest" name="TxtBox" time="0.478"/>
  <testcase classname="com.artoftesting.tests.I_DragDropTest" name="verifydragDrop" time="0.711"/>
</testsuite> <!-- Verify Title Tests -->
