<?xml version="1.0" encoding="UTF-8"?>
<testng-results ignored="0" total="1" passed="1" failed="0" skipped="0">
  <reporter-output>
  </reporter-output>
  <suite started-at="2025-04-22T11:33:19 PDT" name="Default suite" finished-at="2025-04-22T11:33:25 PDT" duration-ms="6260">
    <groups>
    </groups>
    <test started-at="2025-04-22T11:33:19 PDT" name="Default test" finished-at="2025-04-22T11:33:25 PDT" duration-ms="6260">
      <class name="com.artoftesting.tests.B_TextBoxVarifyTest">
        <test-method is-config="true" signature="setUpDriver()[pri:0, instance:com.artoftesting.tests.B_TextBoxVarifyTest@25084a1e]" started-at="2025-04-22T11:33:19 PDT" name="setUpDriver" finished-at="2025-04-22T11:33:25 PDT" duration-ms="5890" status="PASS">
          <reporter-output>
          </reporter-output>
        </test-method> <!-- setUpDriver -->
        <test-method signature="TxtBox()[pri:0, instance:com.artoftesting.tests.B_TextBoxVarifyTest@25084a1e]" started-at="2025-04-22T11:33:25 PDT" name="TxtBox" finished-at="2025-04-22T11:33:25 PDT" duration-ms="328" status="PASS">
          <reporter-output>
          </reporter-output>
        </test-method> <!-- TxtBox -->
      </class> <!-- com.artoftesting.tests.B_TextBoxVarifyTest -->
    </test> <!-- Default test -->
  </suite> <!-- Default suite -->
</testng-results>
